<?xml version="1.0" encoding="UTF-8"?>
<robot generator="Robot 4.0.3 (Python 3.9.5 on win32)" generated="20210708 09:52:50.717" rpa="false" schemaversion="2">
<suite id="s1" name="SwitchTab" source="C:\Users\rajeshwarib\PycharmProjects\pythonProject\Selenium Suite\SwitchTab.robot">
<test id="s1-t1" name="Open DB4Free site">
<kw name="Append To Environment Variable" library="OperatingSystem">
<arg>Path</arg>
<arg>D:\\Browsers\\chromedriver</arg>
<doc>Appends given ``values`` to environment variable ``name``.</doc>
<msg timestamp="20210708 09:52:51.514" level="INFO">Environment variable 'Path' set to value 'C:\Users\rajeshwarib\PycharmProjects\pythonProject\venv\Scripts;C:\Program Files (x86)\Common Files\Oracle\Java\javapath;C:\WINDOWS\system32;C:\WINDOWS;C:\WINDOWS\System32\Wbem;C:\WINDOWS\System32\WindowsPowerShell\v1.0\;C:\WINDOWS\System32\OpenSSH\;C:\Program Files (x86)\Webex\Webex\Applications;C:\Program Files (x86)\Sennheiser\SenncomSDK\;C:\Program Files\Git\cmd;C:\Users\rajeshwarib\AppData\Local\Programs\Python\Python39\;C:\Users\rajeshwarib\AppData\Local\Programs\Python\Python39\Scripts;C:\Users\rajeshwarib\AppData\Local\Programs\Python\Python39\Scripts\;C:\Users\rajeshwarib\AppData\Local\Programs\Python\Python39\;C:\Users\rajeshwarib\AppData\Local\Microsoft\WindowsApps;;C:\Program Files\JetBrains\PyCharm Community Edition 2021.1.3\bin;;D:\Browsers\chromedriver'.</msg>
<status status="PASS" starttime="20210708 09:52:51.513" endtime="20210708 09:52:51.514"/>
</kw>
<kw name="Login to DB4">
<kw name="Open Browser" library="SeleniumLibrary">
<arg>url=https://db4free.net/</arg>
<arg>browser=gc</arg>
<doc>Opens a new browser instance to the optional ``url``.</doc>
<msg timestamp="20210708 09:52:51.517" level="INFO">Opening browser 'gc' to base url 'https://db4free.net/'.</msg>
<status status="PASS" starttime="20210708 09:52:51.517" endtime="20210708 09:52:57.439"/>
</kw>
<kw name="Maximize Browser Window" library="SeleniumLibrary">
<doc>Maximizes current browser window.</doc>
<status status="PASS" starttime="20210708 09:52:57.439" endtime="20210708 09:52:57.620"/>
</kw>
<status status="PASS" starttime="20210708 09:52:51.515" endtime="20210708 09:52:57.621"/>
</kw>
<kw name="Verify Patient section">
<msg timestamp="20210708 09:52:57.633" level="FAIL">No keyword with name 'Verify Patient section' found.</msg>
<status status="FAIL" starttime="20210708 09:52:57.633" endtime="20210708 09:52:57.634"/>
</kw>
<kw name="Add Patient Record">
<status status="NOT RUN" starttime="20210708 09:52:57.665" endtime="20210708 09:52:57.665"/>
</kw>
<kw name="Search Patient Record">
<status status="NOT RUN" starttime="20210708 09:52:57.681" endtime="20210708 09:52:57.682"/>
</kw>
<status status="FAIL" starttime="20210708 09:52:51.512" endtime="20210708 09:52:57.689">No keyword with name 'Verify Patient section' found.</status>
</test>
<status status="FAIL" starttime="20210708 09:52:50.726" endtime="20210708 09:52:57.740"/>
</suite>
<statistics>
<total>
<stat pass="0" fail="1" skip="0">All Tests</stat>
</total>
<tag>
</tag>
<suite>
<stat pass="0" fail="1" skip="0" id="s1" name="SwitchTab">SwitchTab</stat>
</suite>
</statistics>
<errors>
</errors>
</robot>
